#
# A fatal error has been detected by the Java Runtime Environment:
#
#  EXCEPTION_ACCESS_VIOLATION (0xc0000005) at pc=0x00007ffb7ac41be1, pid=9552, tid=9700
#
# JRE version:  (17.0.3+7) (build )
# Java VM: OpenJDK 64-Bit Server VM (17.0.3+7, mixed mode, sharing, tiered, unknown gc, windows-amd64)
# Problematic frame:
# C  [jimage.dll+0x1be1]
#
# Core dump will be written. Default location: C:\Users\Administrator\Desktop\Java\08_ExceptionHanlding\hs_err_pid9552.mdmp
#
#

---------------  S U M M A R Y ------------

Command Line: 

Host: AMD EPYC 7571, 2 cores, 7G,  Windows Server 2016 , 64 bit Build 14393 (10.0.14393.3630)
Time: Thu Jan 12 09:15:18 2023 Coordinated Universal Time elapsed time: 0.109014 seconds (0d 0h 0m 0s)

---------------  T H R E A D  ---------------

Current thread is native thread

Stack: [0x0000003c6b900000,0x0000003c6ba00000],  sp=0x0000003c6b9fd8b0,  free space=1014k
Native frames: (J=compiled Java code, j=interpreted, Vv=VM code, C=native code)
C  [jimage.dll+0x1be1]


siginfo: EXCEPTION_ACCESS_VIOLATION (0xc0000005), reading address 0x000000000000b1d0


Registers:
RAX=0x0000000000002c6d, RBX=0x0000003c6b9fd9a1, RCX=0x00007ffb7ac46000, RDX=0x0000000000002c6d
RSP=0x0000003c6b9fd8b0, RBP=0x0000003c6b9fd9a0, RSI=0x0000000000007183, RDI=0x0000003c6b9fd9a0
R8 =0x00007ffb7ac44288, R9 =0x000000000000001c, R10=0x00007ffb7b594600, R11=0x00007ffb7ac46000
R12=0x0000000000000000, R13=0x0000016e4c3a15c0, R14=0x0000003c6b9fea10, R15=0x00007ffb7b594618
RIP=0x00007ffb7ac41be1, EFLAGS=0x0000000000010212

Top of Stack: (sp=0x0000003c6b9fd8b0)
0x0000003c6b9fd8b0:   0000016e4c390000 0000016e4c469fc0
0x0000003c6b9fd8c0:   00009abb5ca153ef 00007ffb9d71895f
0x0000003c6b9fd8d0:   0000016e4c3aa9f0 00007ffb7ac41d6f
0x0000003c6b9fd8e0:   000000000000000b 0000016e4c3aa9f0
0x0000003c6b9fd8f0:   00000000000005ea 000000000000037f
0x0000003c6b9fd900:   0000000000007ea0 00007ffb9d7b6328
0x0000003c6b9fd910:   0000016e4c390000 0000003c6b9fd9b9
0x0000003c6b9fd920:   0000000000000004 0000000000005ea0
0x0000003c6b9fd930:   0000000000001000 0000000000000004
0x0000003c6b9fd940:   000062e5daee6448 0000003c6b9fd9e9
0x0000003c6b9fd950:   00007ffb7b5725a0 0000000000000017
0x0000003c6b9fd960:   0000016e4c3aa9f0 0000003c6b9fea10
0x0000003c6b9fd970:   000000000000000b 00007ffb7ac4264d
0x0000003c6b9fd980:   0000000000000000 0000000000000000
0x0000003c6b9fd990:   0000000000000016 0000000000000000
0x0000003c6b9fd9a0:   61622e6176616a2f 692f6b646a2f6573 

Instructions: (pc=0x00007ffb7ac41be1)
0x00007ffb7ac41ae1:   48 85 c9 74 1d 80 3d 23 45 00 00 00 74 06 48 8b
0x00007ffb7ac41af1:   53 18 eb 04 48 8b 53 40 e8 ae 0e 00 00 48 83 63
0x00007ffb7ac41b01:   48 00 8b 4b 0c 83 f9 ff 74 09 e8 e4 0c 00 00 83
0x00007ffb7ac41b11:   4b 0c ff 48 8b 4b 70 48 85 c9 74 0f ba 10 00 00
0x00007ffb7ac41b21:   00 e8 fd 0e 00 00 48 83 63 70 00 48 83 c4 20 5b
0x00007ffb7ac41b31:   c3 cc cc 40 53 48 83 ec 20 48 8b d9 48 8d 0d dc
0x00007ffb7ac41b41:   46 00 00 e8 b3 0c 00 00 83 6b 08 01 75 24 48 8b
0x00007ffb7ac41b51:   d3 48 8d 0d bf 44 00 00 e8 22 08 00 00 48 8b cb
0x00007ffb7ac41b61:   e8 de fe ff ff ba 78 00 00 00 48 8b cb e8 b1 0e
0x00007ffb7ac41b71:   00 00 48 8d 0d a6 46 00 00 48 83 c4 20 5b e9 80
0x00007ffb7ac41b81:   0c 00 00 48 89 5c 24 08 48 89 74 24 10 57 48 83
0x00007ffb7ac41b91:   ec 20 41 8b f1 4d 8b c8 48 8b fa 4c 8b d9 4d 85
0x00007ffb7ac41ba1:   c0 74 78 85 f6 74 74 44 8a 12 48 8d 5a 01 48 8b
0x00007ffb7ac41bb1:   d3 b8 93 01 00 01 eb 12 69 c0 93 01 00 01 41 0f
0x00007ffb7ac41bc1:   b6 ca 44 8a 12 33 c1 48 ff c2 45 84 d2 75 e9 4d
0x00007ffb7ac41bd1:   8b 03 0f ba f0 1f 33 d2 49 8b cb f7 f6 48 63 c2
0x00007ffb7ac41be1:   41 8b 14 81 41 ff 50 08 85 c0 7e 24 8a 0f eb 10
0x00007ffb7ac41bf1:   69 c0 93 01 00 01 0f b6 c9 33 c1 8a 0b 48 ff c3
0x00007ffb7ac41c01:   84 c9 75 ec 0f ba f0 1f 33 d2 f7 f6 8b c2 eb 0e
0x00007ffb7ac41c11:   79 09 83 c9 ff 2b c8 8b c1 eb 03 83 c8 ff 48 8b
0x00007ffb7ac41c21:   5c 24 30 48 8b 74 24 38 48 83 c4 20 5f c3 cc 48
0x00007ffb7ac41c31:   89 5c 24 08 48 89 74 24 10 57 48 83 ec 20 48 8b
0x00007ffb7ac41c41:   f1 48 8d 0d d7 45 00 00 e8 ae 0b 00 00 33 ff 39
0x00007ffb7ac41c51:   3d c2 43 00 00 76 24 48 8b 05 c1 43 00 00 48 8b
0x00007ffb7ac41c61:   d6 48 8b 1c f8 48 8b 0b e8 72 1e 00 00 85 c0 74
0x00007ffb7ac41c71:   2b ff c7 3b 3d 9e 43 00 00 72 dc 33 db 48 8d 0d
0x00007ffb7ac41c81:   9b 45 00 00 e8 7a 0b 00 00 48 8b 74 24 38 48 8b
0x00007ffb7ac41c91:   c3 48 8b 5c 24 30 48 83 c4 20 5f c3 ff 43 08 eb
0x00007ffb7ac41ca1:   dc cc cc 48 89 5c 24 08 48 89 74 24 10 57 48 83
0x00007ffb7ac41cb1:   ec 20 48 8b d9 48 8b f2 48 8b 49 10 49 8b f8 8b
0x00007ffb7ac41cc1:   53 30 48 8b 01 ff 50 20 4c 8b 43 50 48 8b d6 48
0x00007ffb7ac41cd1:   8b 4b 10 44 8b c8 e8 a8 fe ff ff 83 f8 ff 74 38 



---------------  P R O C E S S  ---------------

VM state: not at safepoint (not fully initialized)

VM Mutex/Monitor currently owned by a thread: None

GC Precious Log:
<Not initialized>


Dynamic libraries:
0x00007ff682590000 - 0x00007ff68259e000 	C:\eclipse\plugins\org.eclipse.justj.openjdk.hotspot.jre.full.win32.x86_64_17.0.3.v20220515-1416\jre\bin\javaw.exe
0x00007ffb9d700000 - 0x00007ffb9d8cf000 	C:\Windows\SYSTEM32\ntdll.dll
0x00007ffb9d5e0000 - 0x00007ffb9d68c000 	C:\Windows\System32\KERNEL32.DLL
0x00007ffb9a050000 - 0x00007ffb9a26e000 	C:\Windows\System32\KERNELBASE.dll
0x00007ffb99dc0000 - 0x00007ffb99eb4000 	C:\Windows\System32\ucrtbase.dll
0x00007ffb93f60000 - 0x00007ffb93f78000 	C:\eclipse\plugins\org.eclipse.justj.openjdk.hotspot.jre.full.win32.x86_64_17.0.3.v20220515-1416\jre\bin\jli.dll
0x00007ffb9c560000 - 0x00007ffb9c6c6000 	C:\Windows\System32\USER32.dll
0x00007ffb9a270000 - 0x00007ffb9a28e000 	C:\Windows\System32\win32u.dll
0x00007ffb9d5a0000 - 0x00007ffb9d5d4000 	C:\Windows\System32\GDI32.dll
0x00007ffb99ec0000 - 0x00007ffb9a043000 	C:\Windows\System32\gdi32full.dll
0x00007ffb93f40000 - 0x00007ffb93f59000 	C:\eclipse\plugins\org.eclipse.justj.openjdk.hotspot.jre.full.win32.x86_64_17.0.3.v20220515-1416\jre\bin\VCRUNTIME140.dll
0x00007ffb8e290000 - 0x00007ffb8e50a000 	C:\Windows\WinSxS\amd64_microsoft.windows.common-controls_6595b64144ccf1df_6.0.14393.4169_none_7de0bbf28341b1f2\COMCTL32.dll
0x00007ffb9afb0000 - 0x00007ffb9b04e000 	C:\Windows\System32\msvcrt.dll
0x00007ffb9c6d0000 - 0x00007ffb9c997000 	C:\Windows\System32\combase.dll
0x00007ffb9cd30000 - 0x00007ffb9ce51000 	C:\Windows\System32\RPCRT4.dll
0x00007ffb9a540000 - 0x00007ffb9a5ab000 	C:\Windows\System32\bcryptPrimitives.dll
0x00007ffb9ca20000 - 0x00007ffb9ca4e000 	C:\Windows\System32\IMM32.DLL
0x00007ffb931e0000 - 0x00007ffb931ec000 	C:\eclipse\plugins\org.eclipse.justj.openjdk.hotspot.jre.full.win32.x86_64_17.0.3.v20220515-1416\jre\bin\vcruntime140_1.dll
0x00007ffb8c710000 - 0x00007ffb8c7a1000 	C:\eclipse\plugins\org.eclipse.justj.openjdk.hotspot.jre.full.win32.x86_64_17.0.3.v20220515-1416\jre\bin\msvcp140.dll
0x00007ffb7ac60000 - 0x00007ffb7b8a8000 	C:\eclipse\plugins\org.eclipse.justj.openjdk.hotspot.jre.full.win32.x86_64_17.0.3.v20220515-1416\jre\bin\server\jvm.dll
0x00007ffb9d4f0000 - 0x00007ffb9d592000 	C:\Windows\System32\ADVAPI32.dll
0x00007ffb9af50000 - 0x00007ffb9afa9000 	C:\Windows\System32\sechost.dll
0x00007ffb9ca00000 - 0x00007ffb9ca08000 	C:\Windows\System32\PSAPI.DLL
0x00007ffb91080000 - 0x00007ffb91089000 	C:\Windows\SYSTEM32\WSOCK32.dll
0x00007ffb9cac0000 - 0x00007ffb9cb2a000 	C:\Windows\System32\WS2_32.dll
0x00007ffb980c0000 - 0x00007ffb980e3000 	C:\Windows\SYSTEM32\WINMM.dll
0x00007ffb92630000 - 0x00007ffb9263a000 	C:\Windows\SYSTEM32\VERSION.dll
0x00007ffb97b40000 - 0x00007ffb97b6b000 	C:\Windows\SYSTEM32\WINMMBASE.dll
0x00007ffb9a4f0000 - 0x00007ffb9a532000 	C:\Windows\System32\cfgmgr32.dll
0x00007ffb99b90000 - 0x00007ffb99b9f000 	C:\Windows\System32\kernel.appcore.dll
0x00007ffb7ac40000 - 0x00007ffb7ac4a000 	C:\eclipse\plugins\org.eclipse.justj.openjdk.hotspot.jre.full.win32.x86_64_17.0.3.v20220515-1416\jre\bin\jimage.dll
0x00007ffb926d0000 - 0x00007ffb92862000 	C:\Windows\SYSTEM32\DBGHELP.DLL
0x00007ffb91fc0000 - 0x00007ffb91fe9000 	C:\Windows\SYSTEM32\dbgcore.DLL

dbghelp: loaded successfully - version: 4.0.5 - missing functions: none
symbol engine: initialized successfully - sym options: 0x614 - pdb path: .;C:\eclipse\plugins\org.eclipse.justj.openjdk.hotspot.jre.full.win32.x86_64_17.0.3.v20220515-1416\jre\bin;C:\Windows\SYSTEM32;C:\Windows\WinSxS\amd64_microsoft.windows.common-controls_6595b64144ccf1df_6.0.14393.4169_none_7de0bbf28341b1f2;C:\eclipse\plugins\org.eclipse.justj.openjdk.hotspot.jre.full.win32.x86_64_17.0.3.v20220515-1416\jre\bin\server

VM Arguments:
java_command: <unknown>
java_class_path (initial): <not set>
Launcher Type: SUN_STANDARD

[Global flags]
     bool UseLargePagesIndividualAllocation        = false                                  {pd product} {ergonomic}

Logging:
Log output configuration:
 #0: stdout all=warning uptime,level,tags
 #1: stderr all=off uptime,level,tags

Environment Variables:
JAVA_HOME=C:\Program Files\Java\jre1.8.0_261
PATH=C:/eclipse//plugins/org.eclipse.justj.openjdk.hotspot.jre.full.win32.x86_64_17.0.3.v20220515-1416/jre/bin/server;C:/eclipse//plugins/org.eclipse.justj.openjdk.hotspot.jre.full.win32.x86_64_17.0.3.v20220515-1416/jre/bin;C:\Python39\Scripts\;C:\Python39\;C:\Program Files\Java\jre1.8.0_261\bin;C:\Program Files\apache-maven-3.6.3\bin;C:\Program Files (x86)\Common Files\Oracle\Java\javapath;C:\Windows\system32;C:\Windows;C:\Windows\System32\Wbem;C:\Windows\System32\WindowsPowerShell\v1.0\;C:\Program Files\Amazon\cfn-bootstrap\;C:\Program Files\Git\cmd;C:\cmder\bin;C:\cmder;C:\Program Files\Cloud Foundry;C:\Program Files\Apache Software Foundation\Tomcat 9.0\bin;C:\Program Files\PuTTY\;C:\Program Files\Microsoft VS Code\bin;C:\Program Files\Amazon\AWSCLIV2\;C:\Program Files\nodejs\;C:\ProgramData\chocolatey\bin;C:\Users\Administrator\AppData\Local\Microsoft\WindowsApps;C:\Users\Administrator\AppData\Roaming\npm;C:\eclipse;
USERNAME=Administrator
OS=Windows_NT
PROCESSOR_IDENTIFIER=AMD64 Family 23 Model 1 Stepping 2, AuthenticAMD



---------------  S Y S T E M  ---------------

OS:
 Windows Server 2016 , 64 bit Build 14393 (10.0.14393.3630)
OS uptime: 0 days 4:46 hours

CPU: total 2 (initial active 0) 

Memory: 4k page, system-wide physical 7935M (3956M free)
TotalPageFile size 13055M (AvailPageFile size 5M)
current process WorkingSet (physical memory assigned to process): 7M, peak: 7M
current process commit charge ("private bytes"): 2M, peak: 2M

vm_info: OpenJDK 64-Bit Server VM (17.0.3+7) for windows-amd64 JRE (17.0.3+7), built on Apr 19 2022 16:55:35 by "" with MS VC++ 16.7 (VS2019)

END.
